\BOOKMARK [1][]{section*.1}{\376\377\000P\000r\000o\000f\000e\000s\000s\000i\000o\000n\000a\000l\000\040\000e\000x\000p\000e\000r\000i\000e\000n\000c\000e}{}% 1
\BOOKMARK [1][]{section*.2}{\376\377\000E\000d\000u\000c\000a\000t\000i\000o\000n}{}% 2
\BOOKMARK [1][]{section*.3}{\376\377\000D\000o\000c\000t\000o\000r\000a\000l\000\040\000T\000h\000e\000s\000i\000s}{}% 3
\BOOKMARK [1][]{section*.4}{\376\377\000G\000r\000a\000n\000t\000s\000\040\000\046\000\040\000F\000u\000n\000d\000i\000n\000g}{}% 4
\BOOKMARK [1][]{section*.5}{\376\377\000A\000w\000a\000r\000d\000s\000\040\000\046\000\040\000P\000r\000i\000z\000e\000s}{}% 5
\BOOKMARK [1][]{section*.6}{\376\377\000T\000e\000a\000c\000h\000i\000n\000g\000\040\000e\000x\000p\000e\000r\000i\000e\000n\000c\000e}{}% 6
\BOOKMARK [1][]{section*.7}{\376\377\000P\000r\000o\000f\000e\000s\000s\000i\000o\000n\000a\000l\000\040\000S\000e\000r\000v\000i\000c\000e\000\040\000\046\000\040\000O\000u\000t\000r\000e\000a\000c\000h}{}% 7
\BOOKMARK [2][]{section*.8}{\376\377\000R\000e\000v\000i\000e\000w\000e\000r\000\040\000f\000o\000r\000\040\000i\000n\000t\000e\000r\000n\000a\000t\000i\000o\000n\000a\000l\000\040\000j\000o\000u\000r\000n\000a\000l\000s}{section*.7}% 8
\BOOKMARK [2][]{section*.9}{\376\377\000C\000o\000n\000f\000e\000r\000e\000n\000c\000e\000\040\000o\000r\000g\000a\000n\000i\000z\000a\000t\000i\000o\000n}{section*.7}% 9
\BOOKMARK [2][]{section*.10}{\376\377\000O\000u\000t\000r\000e\000a\000c\000h}{section*.7}% 10
\BOOKMARK [1][]{section*.11}{\376\377\000P\000r\000o\000f\000e\000s\000s\000i\000o\000n\000a\000l\000\040\000a\000f\000f\000i\000l\000i\000a\000t\000i\000o\000n\000s}{}% 11
\BOOKMARK [1][]{section*.12}{\376\377\000P\000u\000b\000l\000i\000c\000a\000t\000i\000o\000n\000s}{}% 12
\BOOKMARK [2][]{section*.13}{\376\377\000S\000u\000b\000m\000i\000t\000t\000e\000d\000\040\000a\000n\000d\000\040\000i\000n\000\040\000p\000r\000e\000p\000a\000r\000a\000t\000i\000o\000n}{section*.12}% 13
\BOOKMARK [2][]{section*.14}{\376\377\000P\000u\000b\000l\000i\000c\000a\000t\000i\000o\000n\000s\000\040\000i\000n\000\040\000p\000e\000e\000r\000-\000r\000e\000v\000i\000e\000w\000e\000d\000\040\000i\000n\000t\000e\000r\000n\000a\000t\000i\000o\000n\000a\000l\000\040\000j\000o\000u\000r\000n\000a\000l\000s}{section*.12}% 14
\BOOKMARK [1][]{section*.15}{\376\377\000P\000r\000e\000s\000e\000n\000t\000a\000t\000i\000o\000n\000s}{}% 15
\BOOKMARK [2][]{section*.16}{\376\377\000I\000n\000v\000i\000t\000e\000d\000\040\000t\000a\000l\000k\000s}{section*.15}% 16
\BOOKMARK [2][]{section*.17}{\376\377\000C\000o\000n\000t\000r\000i\000b\000u\000t\000e\000d\000\040\000p\000r\000e\000s\000e\000n\000t\000a\000t\000i\000o\000n\000s}{section*.15}% 17
\BOOKMARK [2][]{section*.18}{\376\377\000P\000o\000s\000t\000e\000r\000s}{section*.15}% 18
\BOOKMARK [1][]{section*.19}{\376\377\000C\000o\000m\000p\000u\000t\000e\000r\000\040\000s\000k\000i\000l\000l\000s}{}% 19
\BOOKMARK [1][]{section*.20}{\376\377\000R\000e\000f\000e\000r\000e\000n\000c\000e\000s}{}% 20
